<?xml version="1.0" encoding="UTF-8"?>
<testng-results skipped="0" failed="0" ignored="0" total="1" passed="1">
  <reporter-output>
  </reporter-output>
  <suite name="Default suite" duration-ms="37" started-at="2023-03-18T13:34:16Z" finished-at="2023-03-18T13:34:16Z">
    <groups>
    </groups>
    <test name="Default test" duration-ms="37" started-at="2023-03-18T13:34:16Z" finished-at="2023-03-18T13:34:16Z">
      <class name="com.Tests.DemoTest2">
        <test-method status="PASS" signature="test01()[pri:0, instance:com.Tests.DemoTest2@4de5031f]" name="test01" duration-ms="8" started-at="2023-03-18T13:34:16Z" finished-at="2023-03-18T13:34:16Z">
          <reporter-output>
          </reporter-output>
        </test-method> <!-- test01 -->
      </class> <!-- com.Tests.DemoTest2 -->
    </test> <!-- Default test -->
  </suite> <!-- Default suite -->
</testng-results>
